<?xml version="1.0" encoding="UTF-8"?>
<testng-results ignored="0" total="1" passed="1" failed="0" skipped="0">
  <reporter-output>
  </reporter-output>
  <suite started-at="2023-01-29T21:46:11 IST" name="Default suite" finished-at="2023-01-29T21:46:17 IST" duration-ms="6584">
    <groups>
    </groups>
    <test started-at="2023-01-29T21:46:11 IST" name="Default test" finished-at="2023-01-29T21:46:17 IST" duration-ms="6584">
      <class name="com.Intellipat.sauceLab.Module11">
        <test-method signature="test()[pri:0, instance:com.Intellipat.sauceLab.Module11@52b1beb6]" started-at="2023-01-29T21:46:11 IST" name="test" finished-at="2023-01-29T21:46:17 IST" duration-ms="6465" status="PASS">
          <reporter-output>
          </reporter-output>
        </test-method> <!-- test -->
      </class> <!-- com.Intellipat.sauceLab.Module11 -->
    </test> <!-- Default test -->
  </suite> <!-- Default suite -->
</testng-results>
