<?xml version="1.0" encoding="UTF-8"?>
<testng-results ignored="0" total="1" passed="1" failed="0" skipped="0">
  <reporter-output>
  </reporter-output>
  <suite started-at="2023-05-05T17:35:06 IST" name="Default suite" finished-at="2023-05-05T17:35:06 IST" duration-ms="50">
    <groups>
    </groups>
    <test started-at="2023-05-05T17:35:06 IST" name="Default test" finished-at="2023-05-05T17:35:06 IST" duration-ms="50">
      <class name="testVagrant.MainClass">
        <test-method signature="addSongs()[pri:0, instance:testVagrant.MainClass@61386958]" started-at="2023-05-05T17:35:06 IST" name="addSongs" finished-at="2023-05-05T17:35:06 IST" duration-ms="8" status="PASS">
          <reporter-output>
          </reporter-output>
        </test-method> <!-- addSongs -->
      </class> <!-- testVagrant.MainClass -->
    </test> <!-- Default test -->
  </suite> <!-- Default suite -->
</testng-results>
